Jul 28 06:13:31 Updated: nspr-4.19.0-1.el7_5.x86_64
Jul 28 06:13:31 Updated: nss-util-3.36.0-1.el7_5.x86_64
Jul 28 06:13:31 Updated: libgcc-4.8.5-28.el7_5.1.x86_64
Jul 28 06:13:31 Updated: libcom_err-1.42.9-12.el7_5.x86_64
Jul 28 06:13:33 Updated: python-libs-2.7.5-69.el7_5.x86_64
Jul 28 06:13:33 Updated: python-2.7.5-69.el7_5.x86_64
Jul 28 06:13:33 Updated: libss-1.42.9-12.el7_5.x86_64
Jul 28 06:13:33 Updated: e2fsprogs-libs-1.42.9-12.el7_5.x86_64
Jul 28 06:13:33 Updated: nss-softokn-freebl-3.36.0-5.el7_5.x86_64
Jul 28 06:13:33 Updated: nss-softokn-3.36.0-5.el7_5.x86_64
Jul 28 06:13:33 Updated: nss-3.36.0-5.el7_5.x86_64
Jul 28 06:13:33 Updated: nss-sysinit-3.36.0-5.el7_5.x86_64
Jul 28 06:13:33 Updated: 1:NetworkManager-libnm-1.10.2-16.el7_5.x86_64
Jul 28 06:13:34 Updated: 1:NetworkManager-1.10.2-16.el7_5.x86_64
Jul 28 06:13:34 Updated: nss-tools-3.36.0-5.el7_5.x86_64
Jul 28 06:13:34 Updated: openldap-2.4.44-15.el7_5.x86_64
Jul 28 06:13:34 Updated: 12:dhcp-libs-4.2.5-68.el7.centos.1.x86_64
Jul 28 06:13:34 Updated: 12:dhcp-common-4.2.5-68.el7.centos.1.x86_64
Jul 28 06:13:34 Updated: centos-release-7-5.1804.el7.centos.2.x86_64
Jul 28 06:13:34 Updated: kernel-tools-libs-3.10.0-862.9.1.el7.x86_64
Jul 28 06:13:48 Updated: selinux-policy-3.13.1-192.el7_5.4.noarch
Jul 28 06:14:00 Updated: linux-firmware-20180220-62.2.git6d51311.el7_5.noarch
Jul 28 06:14:05 Installed: kernel-3.10.0-862.9.1.el7.x86_64
Jul 28 06:14:17 Updated: selinux-policy-targeted-3.13.1-192.el7_5.4.noarch
Jul 28 06:14:17 Updated: kernel-tools-3.10.0-862.9.1.el7.x86_64
Jul 28 06:14:17 Updated: 12:dhclient-4.2.5-68.el7.centos.1.x86_64
Jul 28 06:14:17 Updated: gnupg2-2.0.22-5.el7_5.x86_64
Jul 28 06:14:18 Updated: sudo-1.8.19p2-14.el7_5.x86_64
Jul 28 06:14:18 Updated: 1:NetworkManager-tui-1.10.2-16.el7_5.x86_64
Jul 28 06:14:18 Updated: 1:NetworkManager-team-1.10.2-16.el7_5.x86_64
Jul 28 06:14:18 Updated: e2fsprogs-1.42.9-12.el7_5.x86_64
Jul 28 06:14:18 Updated: python-perf-3.10.0-862.9.1.el7.x86_64
Jul 28 06:14:18 Updated: rsyslog-8.24.0-16.el7_5.4.x86_64
Jul 28 06:14:18 Updated: libstdc++-4.8.5-28.el7_5.1.x86_64
Jul 28 06:14:19 Updated: ca-certificates-2018.2.22-70.0.el7_5.noarch
Jul 28 06:14:19 Updated: procps-ng-3.3.10-17.el7_5.2.x86_64
Jul 28 06:14:20 Updated: binutils-2.27-28.base.el7_5.1.x86_64
Jul 28 06:14:20 Updated: iptables-1.4.21-24.1.el7_5.x86_64
Jul 28 06:14:20 Updated: libgomp-4.8.5-28.el7_5.1.x86_64
Jul 28 06:16:31 Installed: 1:perl-parent-0.225-244.el7.noarch
Jul 28 06:16:31 Installed: perl-HTTP-Tiny-0.033-3.el7.noarch
Jul 28 06:16:31 Installed: perl-podlators-2.5.1-3.el7.noarch
Jul 28 06:16:31 Installed: perl-Pod-Perldoc-3.20-4.el7.noarch
Jul 28 06:16:31 Installed: 1:perl-Pod-Escapes-1.04-292.el7.noarch
Jul 28 06:16:31 Installed: perl-Text-ParseWords-3.29-4.el7.noarch
Jul 28 06:16:32 Installed: perl-Encode-2.51-7.el7.x86_64
Jul 28 06:16:32 Installed: perl-Pod-Usage-1.63-3.el7.noarch
Jul 28 06:16:32 Installed: 4:perl-macros-5.16.3-292.el7.x86_64
Jul 28 06:16:32 Installed: 4:perl-libs-5.16.3-292.el7.x86_64
Jul 28 06:16:32 Installed: perl-Storable-2.45-3.el7.x86_64
Jul 28 06:16:32 Installed: perl-Exporter-5.68-3.el7.noarch
Jul 28 06:16:32 Installed: perl-constant-1.27-2.el7.noarch
Jul 28 06:16:32 Installed: perl-Time-Local-1.2300-2.el7.noarch
Jul 28 06:16:32 Installed: perl-Socket-2.010-4.el7.x86_64
Jul 28 06:16:32 Installed: perl-Carp-1.26-244.el7.noarch
Jul 28 06:16:32 Installed: 4:perl-Time-HiRes-1.9725-3.el7.x86_64
Jul 28 06:16:32 Installed: perl-PathTools-3.40-5.el7.x86_64
Jul 28 06:16:32 Installed: perl-Scalar-List-Utils-1.27-248.el7.x86_64
Jul 28 06:16:32 Installed: perl-File-Temp-0.23.01-3.el7.noarch
Jul 28 06:16:32 Installed: perl-File-Path-2.09-2.el7.noarch
Jul 28 06:16:32 Installed: perl-threads-shared-1.43-6.el7.x86_64
Jul 28 06:16:32 Installed: perl-threads-1.87-4.el7.x86_64
Jul 28 06:16:32 Installed: perl-Filter-1.49-3.el7.x86_64
Jul 28 06:16:32 Installed: 1:perl-Pod-Simple-3.28-4.el7.noarch
Jul 28 06:16:32 Installed: perl-Getopt-Long-2.40-3.el7.noarch
Jul 28 06:16:34 Installed: 4:perl-5.16.3-292.el7.x86_64
Jul 28 06:16:34 Installed: gpm-libs-1.20.7-5.el7.x86_64
Jul 28 06:16:34 Installed: 1:mc-4.8.7-11.el7.x86_64
Jul 28 06:16:35 Installed: nano-2.3.1-10.el7.x86_64
Jul 28 06:18:20 Installed: wget-1.14-15.el7_4.1.x86_64
Jul 28 06:32:28 Installed: mpfr-3.1.1-4.el7.x86_64
Jul 28 06:32:28 Installed: libmpc-1.0.1-3.el7.x86_64
Jul 28 06:32:29 Installed: cpp-4.8.5-28.el7_5.1.x86_64
Jul 28 06:32:30 Installed: kernel-headers-3.10.0-862.9.1.el7.x86_64
Jul 28 06:32:30 Installed: glibc-headers-2.17-222.el7.x86_64
Jul 28 06:32:30 Installed: glibc-devel-2.17-222.el7.x86_64
Jul 28 06:32:32 Installed: gcc-4.8.5-28.el7_5.1.x86_64
Jul 28 06:38:20 Installed: kernel-devel-3.10.0-862.9.1.el7.x86_64
Jul 28 06:38:33 Installed: apr-1.4.8-3.el7_4.1.x86_64
Jul 28 06:38:33 Installed: libquadmath-4.8.5-28.el7_5.1.x86_64
Jul 28 06:38:33 Installed: m4-1.4.16-10.el7.x86_64
Jul 28 06:38:34 Installed: apr-util-1.5.2-6.el7.x86_64
Jul 28 06:38:34 Installed: unzip-6.0-19.el7.x86_64
Jul 28 06:38:34 Installed: zip-3.0-11.el7.x86_64
Jul 28 06:38:34 Installed: avahi-libs-0.6.31-19.el7.x86_64
Jul 28 06:38:35 Installed: systemtap-devel-3.2-8.el7_5.x86_64
Jul 28 06:38:35 Installed: patch-2.7.1-10.el7_5.x86_64
Jul 28 06:38:35 Installed: boost-system-1.53.0-27.el7.x86_64
Jul 28 06:38:35 Installed: 1:perl-Error-0.17020-2.el7.noarch
Jul 28 06:38:35 Installed: perl-Thread-Queue-3.02-2.el7.noarch
Jul 28 06:38:35 Installed: boost-thread-1.53.0-27.el7.x86_64
Jul 28 06:38:35 Installed: libquadmath-devel-4.8.5-28.el7_5.1.x86_64
Jul 28 06:38:35 Installed: libgfortran-4.8.5-28.el7_5.1.x86_64
Jul 28 06:38:35 Installed: perl-srpm-macros-1-8.el7.noarch
Jul 28 06:38:35 Installed: pakchois-0.4-10.el7.x86_64
Jul 28 06:38:35 Installed: dwz-0.11-3.el7.x86_64
Jul 28 06:38:35 Installed: redhat-rpm-config-9.1.0-80.el7.centos.noarch
Jul 28 06:38:35 Installed: boost-date-time-1.53.0-27.el7.x86_64
Jul 28 06:38:35 Installed: gettext-common-devel-0.19.8.1-2.el7.noarch
Jul 28 06:38:35 Installed: perl-TermReadKey-2.30-20.el7.x86_64
Jul 28 06:38:35 Installed: 1:emacs-filesystem-24.3-20.el7_4.noarch
Jul 28 06:38:35 Installed: perl-Data-Dumper-2.145-3.el7.x86_64
Jul 28 06:38:35 Installed: autoconf-2.69-11.el7.noarch
Jul 28 06:38:35 Installed: libmodman-2.0.1-8.el7.x86_64
Jul 28 06:38:35 Installed: libproxy-0.4.11-11.el7.x86_64
Jul 28 06:38:36 Installed: gdb-7.6.1-110.el7.x86_64
Jul 28 06:38:36 Installed: elfutils-0.170-4.el7.x86_64
Jul 28 06:38:36 Installed: perl-Test-Harness-3.28-3.el7.noarch
Jul 28 06:38:36 Installed: automake-1.13.4-3.el7.noarch
Jul 28 06:38:37 Installed: libstdc++-devel-4.8.5-28.el7_5.1.x86_64
Jul 28 06:38:37 Installed: nettle-2.7.1-8.el7.x86_64
Jul 28 06:38:37 Installed: efivar-libs-31-4.el7.x86_64
Jul 28 06:38:37 Installed: mokutil-12-1.el7.centos.x86_64
Jul 28 06:38:37 Installed: libdwarf-20130207-4.el7.x86_64
Jul 28 06:38:38 Installed: dyninst-9.3.1-1.el7.x86_64
Jul 28 06:38:38 Installed: systemtap-runtime-3.2-8.el7_5.x86_64
Jul 28 06:38:39 Installed: systemtap-client-3.2-8.el7_5.x86_64
Jul 28 06:38:40 Installed: perl-XML-Parser-2.41-10.el7.x86_64
Jul 28 06:38:40 Installed: libgnome-keyring-3.12.0-1.el7.x86_64
Jul 28 06:38:40 Installed: perl-Git-1.8.3.1-14.el7_5.noarch
Jul 28 06:38:41 Installed: git-1.8.3.1-14.el7_5.x86_64
Jul 28 06:38:42 Installed: gettext-devel-0.19.8.1-2.el7.x86_64
Jul 28 06:38:42 Installed: trousers-0.3.14-2.el7.x86_64
Jul 28 06:38:42 Installed: gnutls-3.3.26-9.el7.x86_64
Jul 28 06:38:42 Installed: neon-0.30.0-3.el7.x86_64
Jul 28 06:38:42 Installed: subversion-libs-1.7.14-14.el7.x86_64
Jul 28 06:38:42 Installed: subversion-1.7.14-14.el7.x86_64
Jul 28 06:38:43 Installed: intltool-0.50.2-7.el7.noarch
Jul 28 06:38:43 Installed: systemtap-3.2-8.el7_5.x86_64
Jul 28 06:38:43 Installed: gcc-c++-4.8.5-28.el7_5.1.x86_64
Jul 28 06:38:44 Installed: libtool-2.4.2-22.el7_3.x86_64
Jul 28 06:38:44 Installed: rpm-build-4.11.3-32.el7.x86_64
Jul 28 06:38:44 Installed: cscope-15.8-10.el7.x86_64
Jul 28 06:38:45 Installed: gcc-gfortran-4.8.5-28.el7_5.1.x86_64
Jul 28 06:38:45 Installed: bison-3.0.4-1.el7.x86_64
Jul 28 06:38:45 Installed: flex-2.5.37-3.el7.x86_64
Jul 28 06:38:45 Installed: diffstat-1.57-4.el7.x86_64
Jul 28 06:38:45 Installed: rpm-sign-4.11.3-32.el7.x86_64
Jul 28 06:38:45 Installed: patchutils-0.3.3-4.el7.x86_64
Jul 28 06:38:45 Installed: indent-2.2.11-13.el7.x86_64
Jul 28 06:38:46 Installed: swig-2.0.10-5.el7.x86_64
Jul 28 06:38:46 Installed: rcs-5.9.0-5.el7.x86_64
Jul 28 06:38:48 Installed: 1:doxygen-1.8.5-3.el7.x86_64
Jul 28 06:38:48 Installed: byacc-1.9.20130304-3.el7.x86_64
Jul 28 06:38:48 Installed: ctags-5.8-13.el7.x86_64
Jul 28 06:39:21 Installed: zlib-devel-1.2.7-17.el7.x86_64
Jul 28 06:39:21 Installed: elfutils-libelf-devel-0.170-4.el7.x86_64
Jul 28 06:39:52 Installed: bc-1.06.95-13.el7.x86_64
Jul 28 06:40:48 Installed: keyutils-libs-devel-1.5.8-3.el7.x86_64
Jul 28 06:40:48 Installed: libcom_err-devel-1.42.9-12.el7_5.x86_64
Jul 28 06:40:48 Installed: libkadm5-1.15.1-19.el7.x86_64
Jul 28 06:40:48 Installed: libsepol-devel-2.5-8.1.el7.x86_64
Jul 28 06:40:48 Installed: pcre-devel-8.32-17.el7.x86_64
Jul 28 06:40:49 Installed: libselinux-devel-2.5-12.el7.x86_64
Jul 28 06:40:49 Installed: libverto-devel-0.2.5-4.el7.x86_64
Jul 28 06:40:49 Installed: krb5-devel-1.15.1-19.el7.x86_64
Jul 28 06:40:49 Installed: 1:openssl-devel-1.0.2k-12.el7.x86_64
